[ 2017-09-23T15:11:07+08:00 ] ::1 /weidu/admin.php
INFO: [ app_init ] --START--
INFO: Run Behavior\BuildLiteBehavior [ RunTime:0.000000s ]
INFO: [ app_init ] --END-- [ RunTime:0.001000s ]
INFO: [ app_begin ] --START--
INFO: Run Behavior\ReadHtmlCacheBehavior [ RunTime:0.002001s ]
INFO: [ app_begin ] --END-- [ RunTime:0.002001s ]
INFO: [ view_parse ] --START--
INFO: [ template_filter ] --START--
INFO: Run Behavior\ContentReplaceBehavior [ RunTime:0.000000s ]
INFO: [ template_filter ] --END-- [ RunTime:0.000000s ]
INFO: Run Behavior\ParseTemplateBehavior [ RunTime:0.053003s ]
INFO: [ view_parse ] --END-- [ RunTime:0.053003s ]
INFO: [ view_filter ] --START--
INFO: Run Behavior\WriteHtmlCacheBehavior [ RunTime:0.001000s ]
INFO: [ view_filter ] --END-- [ RunTime:0.002000s ]
INFO: [ app_end ] --START--
INFO: Run Behavior\ShowPageTraceBehavior [ RunTime:0.001000s ]
INFO: [ app_end ] --END-- [ RunTime:0.003000s ]

[ 2017-09-23T15:11:10+08:00 ] ::1 /weidu/admin.php/Plate/index
INFO: [ app_init ] --START--
INFO: Run Behavior\BuildLiteBehavior [ RunTime:0.000000s ]
INFO: [ app_init ] --END-- [ RunTime:0.003000s ]
INFO: [ app_begin ] --START--
INFO: Run Behavior\ReadHtmlCacheBehavior [ RunTime:0.001000s ]
INFO: [ app_begin ] --END-- [ RunTime:0.002000s ]
ERR: 无法加载控制器:Plate

[ 2017-09-23T15:11:13+08:00 ] ::1 /weidu/admin.php/Recruit/index
INFO: [ app_init ] --START--
INFO: Run Behavior\BuildLiteBehavior [ RunTime:0.000000s ]
INFO: [ app_init ] --END-- [ RunTime:0.001000s ]
INFO: [ app_begin ] --START--
INFO: Run Behavior\ReadHtmlCacheBehavior [ RunTime:0.002000s ]
INFO: [ app_begin ] --END-- [ RunTime:0.002000s ]
SQL: SHOW COLUMNS FROM `recruit` [ RunTime:0.0160s ]
NOTIC: [2] Missing argument 1 for Think\Model::where(), called in E:\wamp\www\weidu\Application\Admin\Controller\RecruitController.class.php on line 11 and defined E:\wamp\www\weidu\ThinkPHP\Library\Think\Model.class.php 第 1797 行.
NOTIC: [8] Undefined variable: where E:\wamp\www\weidu\ThinkPHP\Library\Think\Model.class.php 第 1805 行.
NOTIC: [8] Undefined variable: where E:\wamp\www\weidu\ThinkPHP\Library\Think\Model.class.php 第 1808 行.
NOTIC: [8] Undefined variable: where E:\wamp\www\weidu\ThinkPHP\Library\Think\Model.class.php 第 1816 行.
SQL: SELECT COUNT(*) AS tp_count FROM `recruit` LIMIT 1   [ RunTime:0.0000s ]
NOTIC: [2] Missing argument 1 for Think\Model::where(), called in E:\wamp\www\weidu\Application\Admin\Controller\RecruitController.class.php on line 15 and defined E:\wamp\www\weidu\ThinkPHP\Library\Think\Model.class.php 第 1797 行.
NOTIC: [8] Undefined variable: where E:\wamp\www\weidu\ThinkPHP\Library\Think\Model.class.php 第 1805 行.
NOTIC: [8] Undefined variable: where E:\wamp\www\weidu\ThinkPHP\Library\Think\Model.class.php 第 1808 行.
NOTIC: [8] Undefined variable: where E:\wamp\www\weidu\ThinkPHP\Library\Think\Model.class.php 第 1816 行.
SQL: SELECT * FROM `recruit` ORDER BY add_time LIMIT 0,10   [ RunTime:0.0010s ]
INFO: [ view_parse ] --START--
INFO: [ template_filter ] --START--
INFO: Run Behavior\ContentReplaceBehavior [ RunTime:0.000000s ]
INFO: [ template_filter ] --END-- [ RunTime:0.000000s ]
NOTIC: [8] Use of undefined constant recruit_name - assumed 'recruit_name' E:\wamp\www\weidu\Application\Runtime\Cache\Admin\4ad06aa02b5b586c1deb66dc258da325.php 第 107 行.
NOTIC: [8] Use of undefined constant job - assumed 'job' E:\wamp\www\weidu\Application\Runtime\Cache\Admin\4ad06aa02b5b586c1deb66dc258da325.php 第 108 行.
NOTIC: [8] Use of undefined constant place - assumed 'place' E:\wamp\www\weidu\Application\Runtime\Cache\Admin\4ad06aa02b5b586c1deb66dc258da325.php 第 109 行.
NOTIC: [8] Use of undefined constant number - assumed 'number' E:\wamp\www\weidu\Application\Runtime\Cache\Admin\4ad06aa02b5b586c1deb66dc258da325.php 第 110 行.
NOTIC: [8] Use of undefined constant recruit_id - assumed 'recruit_id' E:\wamp\www\weidu\Application\Runtime\Cache\Admin\4ad06aa02b5b586c1deb66dc258da325.php 第 113 行.
NOTIC: [8] Use of undefined constant recruit_id - assumed 'recruit_id' E:\wamp\www\weidu\Application\Runtime\Cache\Admin\4ad06aa02b5b586c1deb66dc258da325.php 第 114 行.
NOTIC: [8] Use of undefined constant recruit_name - assumed 'recruit_name' E:\wamp\www\weidu\Application\Runtime\Cache\Admin\4ad06aa02b5b586c1deb66dc258da325.php 第 107 行.
NOTIC: [8] Use of undefined constant job - assumed 'job' E:\wamp\www\weidu\Application\Runtime\Cache\Admin\4ad06aa02b5b586c1deb66dc258da325.php 第 108 行.
NOTIC: [8] Use of undefined constant place - assumed 'place' E:\wamp\www\weidu\Application\Runtime\Cache\Admin\4ad06aa02b5b586c1deb66dc258da325.php 第 109 行.
NOTIC: [8] Use of undefined constant number - assumed 'number' E:\wamp\www\weidu\Application\Runtime\Cache\Admin\4ad06aa02b5b586c1deb66dc258da325.php 第 110 行.
NOTIC: [8] Use of undefined constant recruit_id - assumed 'recruit_id' E:\wamp\www\weidu\Application\Runtime\Cache\Admin\4ad06aa02b5b586c1deb66dc258da325.php 第 113 行.
NOTIC: [8] Use of undefined constant recruit_id - assumed 'recruit_id' E:\wamp\www\weidu\Application\Runtime\Cache\Admin\4ad06aa02b5b586c1deb66dc258da325.php 第 114 行.
NOTIC: [8] Use of undefined constant recruit_name - assumed 'recruit_name' E:\wamp\www\weidu\Application\Runtime\Cache\Admin\4ad06aa02b5b586c1deb66dc258da325.php 第 107 行.
NOTIC: [8] Use of undefined constant job - assumed 'job' E:\wamp\www\weidu\Application\Runtime\Cache\Admin\4ad06aa02b5b586c1deb66dc258da325.php 第 108 行.
NOTIC: [8] Use of undefined constant place - assumed 'place' E:\wamp\www\weidu\Application\Runtime\Cache\Admin\4ad06aa02b5b586c1deb66dc258da325.php 第 109 行.
NOTIC: [8] Use of undefined constant number - assumed 'number' E:\wamp\www\weidu\Application\Runtime\Cache\Admin\4ad06aa02b5b586c1deb66dc258da325.php 第 110 行.
NOTIC: [8] Use of undefined constant recruit_id - assumed 'recruit_id' E:\wamp\www\weidu\Application\Runtime\Cache\Admin\4ad06aa02b5b586c1deb66dc258da325.php 第 113 行.
NOTIC: [8] Use of undefined constant recruit_id - assumed 'recruit_id' E:\wamp\www\weidu\Application\Runtime\Cache\Admin\4ad06aa02b5b586c1deb66dc258da325.php 第 114 行.
NOTIC: [8] Use of undefined constant recruit_name - assumed 'recruit_name' E:\wamp\www\weidu\Application\Runtime\Cache\Admin\4ad06aa02b5b586c1deb66dc258da325.php 第 107 行.
NOTIC: [8] Use of undefined constant job - assumed 'job' E:\wamp\www\weidu\Application\Runtime\Cache\Admin\4ad06aa02b5b586c1deb66dc258da325.php 第 108 行.
NOTIC: [8] Use of undefined constant place - assumed 'place' E:\wamp\www\weidu\Application\Runtime\Cache\Admin\4ad06aa02b5b586c1deb66dc258da325.php 第 109 行.
NOTIC: [8] Use of undefined constant number - assumed 'number' E:\wamp\www\weidu\Application\Runtime\Cache\Admin\4ad06aa02b5b586c1deb66dc258da325.php 第 110 行.
NOTIC: [8] Use of undefined constant recruit_id - assumed 'recruit_id' E:\wamp\www\weidu\Application\Runtime\Cache\Admin\4ad06aa02b5b586c1deb66dc258da325.php 第 113 行.
NOTIC: [8] Use of undefined constant recruit_id - assumed 'recruit_id' E:\wamp\www\weidu\Application\Runtime\Cache\Admin\4ad06aa02b5b586c1deb66dc258da325.php 第 114 行.
NOTIC: [8] Use of undefined constant recruit_name - assumed 'recruit_name' E:\wamp\www\weidu\Application\Runtime\Cache\Admin\4ad06aa02b5b586c1deb66dc258da325.php 第 107 行.
NOTIC: [8] Use of undefined constant job - assumed 'job' E:\wamp\www\weidu\Application\Runtime\Cache\Admin\4ad06aa02b5b586c1deb66dc258da325.php 第 108 行.
NOTIC: [8] Use of undefined constant place - assumed 'place' E:\wamp\www\weidu\Application\Runtime\Cache\Admin\4ad06aa02b5b586c1deb66dc258da325.php 第 109 行.
NOTIC: [8] Use of undefined constant number - assumed 'number' E:\wamp\www\weidu\Application\Runtime\Cache\Admin\4ad06aa02b5b586c1deb66dc258da325.php 第 110 行.
NOTIC: [8] Use of undefined constant recruit_id - assumed 'recruit_id' E:\wamp\www\weidu\Application\Runtime\Cache\Admin\4ad06aa02b5b586c1deb66dc258da325.php 第 113 行.
NOTIC: [8] Use of undefined constant recruit_id - assumed 'recruit_id' E:\wamp\www\weidu\Application\Runtime\Cache\Admin\4ad06aa02b5b586c1deb66dc258da325.php 第 114 行.
NOTIC: [8] Use of undefined constant recruit_name - assumed 'recruit_name' E:\wamp\www\weidu\Application\Runtime\Cache\Admin\4ad06aa02b5b586c1deb66dc258da325.php 第 107 行.
NOTIC: [8] Use of undefined constant job - assumed 'job' E:\wamp\www\weidu\Application\Runtime\Cache\Admin\4ad06aa02b5b586c1deb66dc258da325.php 第 108 行.
NOTIC: [8] Use of undefined constant place - assumed 'place' E:\wamp\www\weidu\Application\Runtime\Cache\Admin\4ad06aa02b5b586c1deb66dc258da325.php 第 109 行.
NOTIC: [8] Use of undefined constant number - assumed 'number' E:\wamp\www\weidu\Application\Runtime\Cache\Admin\4ad06aa02b5b586c1deb66dc258da325.php 第 110 行.
NOTIC: [8] Use of undefined constant recruit_id - assumed 'recruit_id' E:\wamp\www\weidu\Application\Runtime\Cache\Admin\4ad06aa02b5b586c1deb66dc258da325.php 第 113 行.
NOTIC: [8] Use of undefined constant recruit_id - assumed 'recruit_id' E:\wamp\www\weidu\Application\Runtime\Cache\Admin\4ad06aa02b5b586c1deb66dc258da325.php 第 114 行.
NOTIC: [8] Use of undefined constant recruit_name - assumed 'recruit_name' E:\wamp\www\weidu\Application\Runtime\Cache\Admin\4ad06aa02b5b586c1deb66dc258da325.php 第 107 行.
NOTIC: [8] Use of undefined constant job - assumed 'job' E:\wamp\www\weidu\Application\Runtime\Cache\Admin\4ad06aa02b5b586c1deb66dc258da325.php 第 108 行.
NOTIC: [8] Use of undefined constant place - assumed 'place' E:\wamp\www\weidu\Application\Runtime\Cache\Admin\4ad06aa02b5b586c1deb66dc258da325.php 第 109 行.
NOTIC: [8] Use of undefined constant number - assumed 'number' E:\wamp\www\weidu\Application\Runtime\Cache\Admin\4ad06aa02b5b586c1deb66dc258da325.php 第 110 行.
NOTIC: [8] Use of undefined constant recruit_id - assumed 'recruit_id' E:\wamp\www\weidu\Application\Runtime\Cache\Admin\4ad06aa02b5b586c1deb66dc258da325.php 第 113 行.
NOTIC: [8] Use of undefined constant recruit_id - assumed 'recruit_id' E:\wamp\www\weidu\Application\Runtime\Cache\Admin\4ad06aa02b5b586c1deb66dc258da325.php 第 114 行.
INFO: Run Behavior\ParseTemplateBehavior [ RunTime:0.020001s ]
INFO: [ view_parse ] --END-- [ RunTime:0.021001s ]
INFO: [ view_filter ] --START--
INFO: Run Behavior\WriteHtmlCacheBehavior [ RunTime:0.001000s ]
INFO: [ view_filter ] --END-- [ RunTime:0.002000s ]
INFO: [ app_end ] --START--
INFO: Run Behavior\ShowPageTraceBehavior [ RunTime:0.001000s ]
INFO: [ app_end ] --END-- [ RunTime:0.001000s ]

[ 2017-09-23T15:11:15+08:00 ] ::1 /weidu/admin.php/Message/index
INFO: [ app_init ] --START--
INFO: Run Behavior\BuildLiteBehavior [ RunTime:0.000000s ]
INFO: [ app_init ] --END-- [ RunTime:0.001001s ]
INFO: [ app_begin ] --START--
INFO: Run Behavior\ReadHtmlCacheBehavior [ RunTime:0.001000s ]
INFO: [ app_begin ] --END-- [ RunTime:0.001000s ]
SQL: SHOW COLUMNS FROM `message` [ RunTime:0.0050s ]
NOTIC: [2] Missing argument 1 for Think\Model::where(), called in E:\wamp\www\weidu\Application\Admin\Controller\MessageController.class.php on line 14 and defined E:\wamp\www\weidu\ThinkPHP\Library\Think\Model.class.php 第 1797 行.
NOTIC: [8] Undefined variable: where E:\wamp\www\weidu\ThinkPHP\Library\Think\Model.class.php 第 1805 行.
NOTIC: [8] Undefined variable: where E:\wamp\www\weidu\ThinkPHP\Library\Think\Model.class.php 第 1808 行.
NOTIC: [8] Undefined variable: where E:\wamp\www\weidu\ThinkPHP\Library\Think\Model.class.php 第 1816 行.
SQL: SELECT COUNT(*) AS tp_count FROM `message` LIMIT 1   [ RunTime:0.0000s ]
NOTIC: [2] Missing argument 1 for Think\Model::where(), called in E:\wamp\www\weidu\Application\Admin\Controller\MessageController.class.php on line 18 and defined E:\wamp\www\weidu\ThinkPHP\Library\Think\Model.class.php 第 1797 行.
NOTIC: [8] Undefined variable: where E:\wamp\www\weidu\ThinkPHP\Library\Think\Model.class.php 第 1805 行.
NOTIC: [8] Undefined variable: where E:\wamp\www\weidu\ThinkPHP\Library\Think\Model.class.php 第 1808 行.
NOTIC: [8] Undefined variable: where E:\wamp\www\weidu\ThinkPHP\Library\Think\Model.class.php 第 1816 行.
SQL: SELECT * FROM `message` ORDER BY add_time LIMIT 0,10   [ RunTime:0.0010s ]
INFO: [ view_parse ] --START--
INFO: [ template_filter ] --START--
INFO: Run Behavior\ContentReplaceBehavior [ RunTime:0.000000s ]
INFO: [ template_filter ] --END-- [ RunTime:0.001000s ]
NOTIC: [8] Use of undefined constant message_name - assumed 'message_name' E:\wamp\www\weidu\Application\Runtime\Cache\Admin\e1ad611a04673ac9fc78d17e28cd370b.php 第 104 行.
NOTIC: [8] Use of undefined constant message_phone - assumed 'message_phone' E:\wamp\www\weidu\Application\Runtime\Cache\Admin\e1ad611a04673ac9fc78d17e28cd370b.php 第 105 行.
NOTIC: [8] Use of undefined constant message_content - assumed 'message_content' E:\wamp\www\weidu\Application\Runtime\Cache\Admin\e1ad611a04673ac9fc78d17e28cd370b.php 第 106 行.
NOTIC: [8] Use of undefined constant message_id - assumed 'message_id' E:\wamp\www\weidu\Application\Runtime\Cache\Admin\e1ad611a04673ac9fc78d17e28cd370b.php 第 109 行.
INFO: Run Behavior\ParseTemplateBehavior [ RunTime:0.017001s ]
INFO: [ view_parse ] --END-- [ RunTime:0.018001s ]
INFO: [ view_filter ] --START--
INFO: Run Behavior\WriteHtmlCacheBehavior [ RunTime:0.001000s ]
INFO: [ view_filter ] --END-- [ RunTime:0.001000s ]
INFO: [ app_end ] --START--
INFO: Run Behavior\ShowPageTraceBehavior [ RunTime:0.002000s ]
INFO: [ app_end ] --END-- [ RunTime:0.002000s ]

[ 2017-09-23T15:11:18+08:00 ] ::1 /weidu/admin.php/Recruit/index
INFO: [ app_init ] --START--
INFO: Run Behavior\BuildLiteBehavior [ RunTime:0.000000s ]
INFO: [ app_init ] --END-- [ RunTime:0.001000s ]
INFO: [ app_begin ] --START--
INFO: Run Behavior\ReadHtmlCacheBehavior [ RunTime:0.001000s ]
INFO: [ app_begin ] --END-- [ RunTime:0.002000s ]
SQL: SHOW COLUMNS FROM `recruit` [ RunTime:0.0050s ]
NOTIC: [2] Missing argument 1 for Think\Model::where(), called in E:\wamp\www\weidu\Application\Admin\Controller\RecruitController.class.php on line 11 and defined E:\wamp\www\weidu\ThinkPHP\Library\Think\Model.class.php 第 1797 行.
NOTIC: [8] Undefined variable: where E:\wamp\www\weidu\ThinkPHP\Library\Think\Model.class.php 第 1805 行.
NOTIC: [8] Undefined variable: where E:\wamp\www\weidu\ThinkPHP\Library\Think\Model.class.php 第 1808 行.
NOTIC: [8] Undefined variable: where E:\wamp\www\weidu\ThinkPHP\Library\Think\Model.class.php 第 1816 行.
SQL: SELECT COUNT(*) AS tp_count FROM `recruit` LIMIT 1   [ RunTime:0.0000s ]
NOTIC: [2] Missing argument 1 for Think\Model::where(), called in E:\wamp\www\weidu\Application\Admin\Controller\RecruitController.class.php on line 15 and defined E:\wamp\www\weidu\ThinkPHP\Library\Think\Model.class.php 第 1797 行.
NOTIC: [8] Undefined variable: where E:\wamp\www\weidu\ThinkPHP\Library\Think\Model.class.php 第 1805 行.
NOTIC: [8] Undefined variable: where E:\wamp\www\weidu\ThinkPHP\Library\Think\Model.class.php 第 1808 行.
NOTIC: [8] Undefined variable: where E:\wamp\www\weidu\ThinkPHP\Library\Think\Model.class.php 第 1816 行.
SQL: SELECT * FROM `recruit` ORDER BY add_time LIMIT 0,10   [ RunTime:0.0010s ]
INFO: [ view_parse ] --START--
INFO: [ template_filter ] --START--
INFO: Run Behavior\ContentReplaceBehavior [ RunTime:0.000000s ]
INFO: [ template_filter ] --END-- [ RunTime:0.000000s ]
NOTIC: [8] Use of undefined constant recruit_name - assumed 'recruit_name' E:\wamp\www\weidu\Application\Runtime\Cache\Admin\4ad06aa02b5b586c1deb66dc258da325.php 第 107 行.
NOTIC: [8] Use of undefined constant job - assumed 'job' E:\wamp\www\weidu\Application\Runtime\Cache\Admin\4ad06aa02b5b586c1deb66dc258da325.php 第 108 行.
NOTIC: [8] Use of undefined constant place - assumed 'place' E:\wamp\www\weidu\Application\Runtime\Cache\Admin\4ad06aa02b5b586c1deb66dc258da325.php 第 109 行.
NOTIC: [8] Use of undefined constant number - assumed 'number' E:\wamp\www\weidu\Application\Runtime\Cache\Admin\4ad06aa02b5b586c1deb66dc258da325.php 第 110 行.
NOTIC: [8] Use of undefined constant recruit_id - assumed 'recruit_id' E:\wamp\www\weidu\Application\Runtime\Cache\Admin\4ad06aa02b5b586c1deb66dc258da325.php 第 113 行.
NOTIC: [8] Use of undefined constant recruit_id - assumed 'recruit_id' E:\wamp\www\weidu\Application\Runtime\Cache\Admin\4ad06aa02b5b586c1deb66dc258da325.php 第 114 行.
NOTIC: [8] Use of undefined constant recruit_name - assumed 'recruit_name' E:\wamp\www\weidu\Application\Runtime\Cache\Admin\4ad06aa02b5b586c1deb66dc258da325.php 第 107 行.
NOTIC: [8] Use of undefined constant job - assumed 'job' E:\wamp\www\weidu\Application\Runtime\Cache\Admin\4ad06aa02b5b586c1deb66dc258da325.php 第 108 行.
NOTIC: [8] Use of undefined constant place - assumed 'place' E:\wamp\www\weidu\Application\Runtime\Cache\Admin\4ad06aa02b5b586c1deb66dc258da325.php 第 109 行.
NOTIC: [8] Use of undefined constant number - assumed 'number' E:\wamp\www\weidu\Application\Runtime\Cache\Admin\4ad06aa02b5b586c1deb66dc258da325.php 第 110 行.
NOTIC: [8] Use of undefined constant recruit_id - assumed 'recruit_id' E:\wamp\www\weidu\Application\Runtime\Cache\Admin\4ad06aa02b5b586c1deb66dc258da325.php 第 113 行.
NOTIC: [8] Use of undefined constant recruit_id - assumed 'recruit_id' E:\wamp\www\weidu\Application\Runtime\Cache\Admin\4ad06aa02b5b586c1deb66dc258da325.php 第 114 行.
NOTIC: [8] Use of undefined constant recruit_name - assumed 'recruit_name' E:\wamp\www\weidu\Application\Runtime\Cache\Admin\4ad06aa02b5b586c1deb66dc258da325.php 第 107 行.
NOTIC: [8] Use of undefined constant job - assumed 'job' E:\wamp\www\weidu\Application\Runtime\Cache\Admin\4ad06aa02b5b586c1deb66dc258da325.php 第 108 行.
NOTIC: [8] Use of undefined constant place - assumed 'place' E:\wamp\www\weidu\Application\Runtime\Cache\Admin\4ad06aa02b5b586c1deb66dc258da325.php 第 109 行.
NOTIC: [8] Use of undefined constant number - assumed 'number' E:\wamp\www\weidu\Application\Runtime\Cache\Admin\4ad06aa02b5b586c1deb66dc258da325.php 第 110 行.
NOTIC: [8] Use of undefined constant recruit_id - assumed 'recruit_id' E:\wamp\www\weidu\Application\Runtime\Cache\Admin\4ad06aa02b5b586c1deb66dc258da325.php 第 113 行.
NOTIC: [8] Use of undefined constant recruit_id - assumed 'recruit_id' E:\wamp\www\weidu\Application\Runtime\Cache\Admin\4ad06aa02b5b586c1deb66dc258da325.php 第 114 行.
NOTIC: [8] Use of undefined constant recruit_name - assumed 'recruit_name' E:\wamp\www\weidu\Application\Runtime\Cache\Admin\4ad06aa02b5b586c1deb66dc258da325.php 第 107 行.
NOTIC: [8] Use of undefined constant job - assumed 'job' E:\wamp\www\weidu\Application\Runtime\Cache\Admin\4ad06aa02b5b586c1deb66dc258da325.php 第 108 行.
NOTIC: [8] Use of undefined constant place - assumed 'place' E:\wamp\www\weidu\Application\Runtime\Cache\Admin\4ad06aa02b5b586c1deb66dc258da325.php 第 109 行.
NOTIC: [8] Use of undefined constant number - assumed 'number' E:\wamp\www\weidu\Application\Runtime\Cache\Admin\4ad06aa02b5b586c1deb66dc258da325.php 第 110 行.
NOTIC: [8] Use of undefined constant recruit_id - assumed 'recruit_id' E:\wamp\www\weidu\Application\Runtime\Cache\Admin\4ad06aa02b5b586c1deb66dc258da325.php 第 113 行.
NOTIC: [8] Use of undefined constant recruit_id - assumed 'recruit_id' E:\wamp\www\weidu\Application\Runtime\Cache\Admin\4ad06aa02b5b586c1deb66dc258da325.php 第 114 行.
NOTIC: [8] Use of undefined constant recruit_name - assumed 'recruit_name' E:\wamp\www\weidu\Application\Runtime\Cache\Admin\4ad06aa02b5b586c1deb66dc258da325.php 第 107 行.
NOTIC: [8] Use of undefined constant job - assumed 'job' E:\wamp\www\weidu\Application\Runtime\Cache\Admin\4ad06aa02b5b586c1deb66dc258da325.php 第 108 行.
NOTIC: [8] Use of undefined constant place - assumed 'place' E:\wamp\www\weidu\Application\Runtime\Cache\Admin\4ad06aa02b5b586c1deb66dc258da325.php 第 109 行.
NOTIC: [8] Use of undefined constant number - assumed 'number' E:\wamp\www\weidu\Application\Runtime\Cache\Admin\4ad06aa02b5b586c1deb66dc258da325.php 第 110 行.
NOTIC: [8] Use of undefined constant recruit_id - assumed 'recruit_id' E:\wamp\www\weidu\Application\Runtime\Cache\Admin\4ad06aa02b5b586c1deb66dc258da325.php 第 113 行.
NOTIC: [8] Use of undefined constant recruit_id - assumed 'recruit_id' E:\wamp\www\weidu\Application\Runtime\Cache\Admin\4ad06aa02b5b586c1deb66dc258da325.php 第 114 行.
NOTIC: [8] Use of undefined constant recruit_name - assumed 'recruit_name' E:\wamp\www\weidu\Application\Runtime\Cache\Admin\4ad06aa02b5b586c1deb66dc258da325.php 第 107 行.
NOTIC: [8] Use of undefined constant job - assumed 'job' E:\wamp\www\weidu\Application\Runtime\Cache\Admin\4ad06aa02b5b586c1deb66dc258da325.php 第 108 行.
NOTIC: [8] Use of undefined constant place - assumed 'place' E:\wamp\www\weidu\Application\Runtime\Cache\Admin\4ad06aa02b5b586c1deb66dc258da325.php 第 109 行.
NOTIC: [8] Use of undefined constant number - assumed 'number' E:\wamp\www\weidu\Application\Runtime\Cache\Admin\4ad06aa02b5b586c1deb66dc258da325.php 第 110 行.
NOTIC: [8] Use of undefined constant recruit_id - assumed 'recruit_id' E:\wamp\www\weidu\Application\Runtime\Cache\Admin\4ad06aa02b5b586c1deb66dc258da325.php 第 113 行.
NOTIC: [8] Use of undefined constant recruit_id - assumed 'recruit_id' E:\wamp\www\weidu\Application\Runtime\Cache\Admin\4ad06aa02b5b586c1deb66dc258da325.php 第 114 行.
NOTIC: [8] Use of undefined constant recruit_name - assumed 'recruit_name' E:\wamp\www\weidu\Application\Runtime\Cache\Admin\4ad06aa02b5b586c1deb66dc258da325.php 第 107 行.
NOTIC: [8] Use of undefined constant job - assumed 'job' E:\wamp\www\weidu\Application\Runtime\Cache\Admin\4ad06aa02b5b586c1deb66dc258da325.php 第 108 行.
NOTIC: [8] Use of undefined constant place - assumed 'place' E:\wamp\www\weidu\Application\Runtime\Cache\Admin\4ad06aa02b5b586c1deb66dc258da325.php 第 109 行.
NOTIC: [8] Use of undefined constant number - assumed 'number' E:\wamp\www\weidu\Application\Runtime\Cache\Admin\4ad06aa02b5b586c1deb66dc258da325.php 第 110 行.
NOTIC: [8] Use of undefined constant recruit_id - assumed 'recruit_id' E:\wamp\www\weidu\Application\Runtime\Cache\Admin\4ad06aa02b5b586c1deb66dc258da325.php 第 113 行.
NOTIC: [8] Use of undefined constant recruit_id - assumed 'recruit_id' E:\wamp\www\weidu\Application\Runtime\Cache\Admin\4ad06aa02b5b586c1deb66dc258da325.php 第 114 行.
INFO: Run Behavior\ParseTemplateBehavior [ RunTime:0.021001s ]
INFO: [ view_parse ] --END-- [ RunTime:0.021001s ]
INFO: [ view_filter ] --START--
INFO: Run Behavior\WriteHtmlCacheBehavior [ RunTime:0.001000s ]
INFO: [ view_filter ] --END-- [ RunTime:0.001000s ]
INFO: [ app_end ] --START--
INFO: Run Behavior\ShowPageTraceBehavior [ RunTime:0.002000s ]
INFO: [ app_end ] --END-- [ RunTime:0.002000s ]

[ 2017-09-23T15:11:19+08:00 ] ::1 /weidu/admin.php/Company/index
INFO: [ app_init ] --START--
INFO: Run Behavior\BuildLiteBehavior [ RunTime:0.000000s ]
INFO: [ app_init ] --END-- [ RunTime:0.001000s ]
INFO: [ app_begin ] --START--
INFO: Run Behavior\ReadHtmlCacheBehavior [ RunTime:0.002000s ]
INFO: [ app_begin ] --END-- [ RunTime:0.002000s ]
SQL: SHOW COLUMNS FROM `company` [ RunTime:0.0060s ]
SQL: SELECT * FROM `company` LIMIT 1   [ RunTime:0.0000s ]
INFO: [ view_parse ] --START--
INFO: [ template_filter ] --START--
INFO: Run Behavior\ContentReplaceBehavior [ RunTime:0.001001s ]
INFO: [ template_filter ] --END-- [ RunTime:0.001001s ]
INFO: Run Behavior\ParseTemplateBehavior [ RunTime:0.017001s ]
INFO: [ view_parse ] --END-- [ RunTime:0.017001s ]
INFO: [ view_filter ] --START--
INFO: Run Behavior\WriteHtmlCacheBehavior [ RunTime:0.001000s ]
INFO: [ view_filter ] --END-- [ RunTime:0.001000s ]
INFO: [ app_end ] --START--
INFO: Run Behavior\ShowPageTraceBehavior [ RunTime:0.002000s ]
INFO: [ app_end ] --END-- [ RunTime:0.002000s ]

[ 2017-09-23T15:11:21+08:00 ] ::1 /weidu/admin.php/Images/index
INFO: [ app_init ] --START--
INFO: Run Behavior\BuildLiteBehavior [ RunTime:0.000000s ]
INFO: [ app_init ] --END-- [ RunTime:0.000000s ]
INFO: [ app_begin ] --START--
INFO: Run Behavior\ReadHtmlCacheBehavior [ RunTime:0.001000s ]
INFO: [ app_begin ] --END-- [ RunTime:0.001000s ]
SQL: SHOW COLUMNS FROM `images` [ RunTime:0.0050s ]
SQL: SELECT * FROM `images` ORDER BY img_desc  [ RunTime:0.0020s ]
INFO: [ view_parse ] --START--
INFO: [ template_filter ] --START--
INFO: Run Behavior\ContentReplaceBehavior [ RunTime:0.000000s ]
INFO: [ template_filter ] --END-- [ RunTime:0.000000s ]
NOTIC: [8] Use of undefined constant img_id - assumed 'img_id' E:\wamp\www\weidu\Application\Runtime\Cache\Admin\4e5087ac5f7a9376e93020949294d616.php 第 110 行.
NOTIC: [8] Use of undefined constant img_id - assumed 'img_id' E:\wamp\www\weidu\Application\Runtime\Cache\Admin\4e5087ac5f7a9376e93020949294d616.php 第 111 行.
NOTIC: [8] Use of undefined constant img_id - assumed 'img_id' E:\wamp\www\weidu\Application\Runtime\Cache\Admin\4e5087ac5f7a9376e93020949294d616.php 第 110 行.
NOTIC: [8] Use of undefined constant img_id - assumed 'img_id' E:\wamp\www\weidu\Application\Runtime\Cache\Admin\4e5087ac5f7a9376e93020949294d616.php 第 111 行.
NOTIC: [8] Use of undefined constant img_id - assumed 'img_id' E:\wamp\www\weidu\Application\Runtime\Cache\Admin\4e5087ac5f7a9376e93020949294d616.php 第 110 行.
NOTIC: [8] Use of undefined constant img_id - assumed 'img_id' E:\wamp\www\weidu\Application\Runtime\Cache\Admin\4e5087ac5f7a9376e93020949294d616.php 第 111 行.
INFO: Run Behavior\ParseTemplateBehavior [ RunTime:0.029002s ]
INFO: [ view_parse ] --END-- [ RunTime:0.029002s ]
INFO: [ view_filter ] --START--
INFO: Run Behavior\WriteHtmlCacheBehavior [ RunTime:0.002000s ]
INFO: [ view_filter ] --END-- [ RunTime:0.002000s ]
INFO: [ app_end ] --START--
INFO: Run Behavior\ShowPageTraceBehavior [ RunTime:0.002000s ]
INFO: [ app_end ] --END-- [ RunTime:0.002000s ]

